[debug] [2023-09-10T22:23:27.073Z] ----------------------------------------------------------------------
[debug] [2023-09-10T22:23:27.075Z] Command:       /usr/bin/node-18 /usr/local/bin/firebase deploy
[debug] [2023-09-10T22:23:27.075Z] CLI Version:   12.5.3
[debug] [2023-09-10T22:23:27.075Z] Platform:      linux
[debug] [2023-09-10T22:23:27.075Z] Node Version:  v18.17.1
[debug] [2023-09-10T22:23:27.076Z] Time:          Sun Sep 10 2023 19:23:27 GMT-0300 (Horário Padrão de Brasília)
[debug] [2023-09-10T22:23:27.076Z] ----------------------------------------------------------------------
[debug] 
[debug] [2023-09-10T22:23:27.078Z] >>> [apiv2][query] GET https://firebase-public.firebaseio.com/cli.json [none]
[debug] [2023-09-10T22:23:27.153Z] > command requires scopes: ["email","openid","https://www.googleapis.com/auth/cloudplatformprojects.readonly","https://www.googleapis.com/auth/firebase","https://www.googleapis.com/auth/cloud-platform"]
[debug] [2023-09-10T22:23:27.153Z] > authorizing via signed-in user (lucasclaudinocc@gmail.com)
[debug] [2023-09-10T22:23:27.153Z] [iam] checking project locadora-de-filmes-7b992 for permissions ["cloudfunctions.functions.create","cloudfunctions.functions.delete","cloudfunctions.functions.get","cloudfunctions.functions.list","cloudfunctions.functions.update","cloudfunctions.operations.get","firebase.projects.get"]
[debug] [2023-09-10T22:23:27.154Z] > refreshing access token with scopes: []
[debug] [2023-09-10T22:23:27.155Z] >>> [apiv2][query] POST https://www.googleapis.com/oauth2/v3/token [none]
[debug] [2023-09-10T22:23:27.155Z] >>> [apiv2][body] POST https://www.googleapis.com/oauth2/v3/token [omitted]
[debug] [2023-09-10T22:23:27.473Z] <<< [apiv2][status] POST https://www.googleapis.com/oauth2/v3/token 200
[debug] [2023-09-10T22:23:27.473Z] <<< [apiv2][body] POST https://www.googleapis.com/oauth2/v3/token [omitted]
[debug] [2023-09-10T22:23:27.482Z] >>> [apiv2][query] POST https://cloudresourcemanager.googleapis.com/v1/projects/locadora-de-filmes-7b992:testIamPermissions [none]
[debug] [2023-09-10T22:23:27.482Z] >>> [apiv2][(partial)header] POST https://cloudresourcemanager.googleapis.com/v1/projects/locadora-de-filmes-7b992:testIamPermissions x-goog-quota-user=projects/locadora-de-filmes-7b992
[debug] [2023-09-10T22:23:27.482Z] >>> [apiv2][body] POST https://cloudresourcemanager.googleapis.com/v1/projects/locadora-de-filmes-7b992:testIamPermissions {"permissions":["cloudfunctions.functions.create","cloudfunctions.functions.delete","cloudfunctions.functions.get","cloudfunctions.functions.list","cloudfunctions.functions.update","cloudfunctions.operations.get","firebase.projects.get"]}
[debug] [2023-09-10T22:23:27.656Z] <<< [apiv2][status] GET https://firebase-public.firebaseio.com/cli.json 200
[debug] [2023-09-10T22:23:27.656Z] <<< [apiv2][body] GET https://firebase-public.firebaseio.com/cli.json {"cloudBuildErrorAfter":1594252800000,"cloudBuildWarnAfter":1590019200000,"defaultNode10After":1594252800000,"minVersion":"3.0.5","node8DeploysDisabledAfter":1613390400000,"node8RuntimeDisabledAfter":1615809600000,"node8WarnAfter":1600128000000}
[debug] [2023-09-10T22:23:28.557Z] <<< [apiv2][status] POST https://cloudresourcemanager.googleapis.com/v1/projects/locadora-de-filmes-7b992:testIamPermissions 200
[debug] [2023-09-10T22:23:28.557Z] <<< [apiv2][body] POST https://cloudresourcemanager.googleapis.com/v1/projects/locadora-de-filmes-7b992:testIamPermissions {"permissions":["cloudfunctions.functions.create","cloudfunctions.functions.delete","cloudfunctions.functions.get","cloudfunctions.functions.list","cloudfunctions.functions.update","cloudfunctions.operations.get","firebase.projects.get"]}
[debug] [2023-09-10T22:23:28.558Z] >>> [apiv2][query] POST https://iam.googleapis.com/v1/projects/locadora-de-filmes-7b992/serviceAccounts/locadora-de-filmes-7b992@appspot.gserviceaccount.com:testIamPermissions [none]
[debug] [2023-09-10T22:23:28.558Z] >>> [apiv2][body] POST https://iam.googleapis.com/v1/projects/locadora-de-filmes-7b992/serviceAccounts/locadora-de-filmes-7b992@appspot.gserviceaccount.com:testIamPermissions {"permissions":["iam.serviceAccounts.actAs"]}
[debug] [2023-09-10T22:23:29.578Z] <<< [apiv2][status] POST https://iam.googleapis.com/v1/projects/locadora-de-filmes-7b992/serviceAccounts/locadora-de-filmes-7b992@appspot.gserviceaccount.com:testIamPermissions 200
[debug] [2023-09-10T22:23:29.578Z] <<< [apiv2][body] POST https://iam.googleapis.com/v1/projects/locadora-de-filmes-7b992/serviceAccounts/locadora-de-filmes-7b992@appspot.gserviceaccount.com:testIamPermissions {"permissions":["iam.serviceAccounts.actAs"]}
[info] 
[info] === Deploying to 'locadora-de-filmes-7b992'...
[info] 
[info] i  deploying functions 
[info] Running command: npm --prefix "$RESOURCE_DIR" run lint
[info] ✔  functions: Finished running predeploy script. 
[debug] [2023-09-10T22:23:30.221Z] >>> [apiv2][query] GET https://firebase.googleapis.com/v1beta1/projects/locadora-de-filmes-7b992 [none]
[debug] [2023-09-10T22:23:30.737Z] <<< [apiv2][status] GET https://firebase.googleapis.com/v1beta1/projects/locadora-de-filmes-7b992 200
[debug] [2023-09-10T22:23:30.738Z] <<< [apiv2][body] GET https://firebase.googleapis.com/v1beta1/projects/locadora-de-filmes-7b992 {"projectId":"locadora-de-filmes-7b992","projectNumber":"455361374955","displayName":"locadora-de-filmes","name":"projects/locadora-de-filmes-7b992","resources":{"hostingSite":"locadora-de-filmes-7b992"},"state":"ACTIVE","etag":"1_8bb8b557-28b0-40e1-9557-92957f5be2e1"}
[info] i  functions: preparing codebase default for deployment 
[info] i  functions: ensuring required API cloudfunctions.googleapis.com is enabled... 
[info] i  functions: ensuring required API cloudbuild.googleapis.com is enabled... 
[info] i  artifactregistry: ensuring required API artifactregistry.googleapis.com is enabled... 
[debug] [2023-09-10T22:23:30.740Z] >>> [apiv2][query] GET https://serviceusage.googleapis.com/v1/projects/locadora-de-filmes-7b992/services/cloudfunctions.googleapis.com [none]
[debug] [2023-09-10T22:23:30.740Z] >>> [apiv2][(partial)header] GET https://serviceusage.googleapis.com/v1/projects/locadora-de-filmes-7b992/services/cloudfunctions.googleapis.com x-goog-quota-user=projects/locadora-de-filmes-7b992
[debug] [2023-09-10T22:23:30.741Z] >>> [apiv2][query] GET https://serviceusage.googleapis.com/v1/projects/locadora-de-filmes-7b992/services/runtimeconfig.googleapis.com [none]
[debug] [2023-09-10T22:23:30.741Z] >>> [apiv2][(partial)header] GET https://serviceusage.googleapis.com/v1/projects/locadora-de-filmes-7b992/services/runtimeconfig.googleapis.com x-goog-quota-user=projects/locadora-de-filmes-7b992
[debug] [2023-09-10T22:23:30.742Z] >>> [apiv2][query] GET https://serviceusage.googleapis.com/v1/projects/locadora-de-filmes-7b992/services/cloudbuild.googleapis.com [none]
[debug] [2023-09-10T22:23:30.742Z] >>> [apiv2][(partial)header] GET https://serviceusage.googleapis.com/v1/projects/locadora-de-filmes-7b992/services/cloudbuild.googleapis.com x-goog-quota-user=projects/locadora-de-filmes-7b992
[debug] [2023-09-10T22:23:30.743Z] >>> [apiv2][query] GET https://serviceusage.googleapis.com/v1/projects/locadora-de-filmes-7b992/services/artifactregistry.googleapis.com [none]
[debug] [2023-09-10T22:23:30.743Z] >>> [apiv2][(partial)header] GET https://serviceusage.googleapis.com/v1/projects/locadora-de-filmes-7b992/services/artifactregistry.googleapis.com x-goog-quota-user=projects/locadora-de-filmes-7b992
[debug] [2023-09-10T22:23:31.959Z] <<< [apiv2][status] GET https://serviceusage.googleapis.com/v1/projects/locadora-de-filmes-7b992/services/artifactregistry.googleapis.com 200
[debug] [2023-09-10T22:23:31.959Z] <<< [apiv2][body] GET https://serviceusage.googleapis.com/v1/projects/locadora-de-filmes-7b992/services/artifactregistry.googleapis.com [omitted]
[info] ✔  artifactregistry: required API artifactregistry.googleapis.com is enabled 
[debug] [2023-09-10T22:23:31.992Z] <<< [apiv2][status] GET https://serviceusage.googleapis.com/v1/projects/locadora-de-filmes-7b992/services/cloudbuild.googleapis.com 200
[debug] [2023-09-10T22:23:31.992Z] <<< [apiv2][body] GET https://serviceusage.googleapis.com/v1/projects/locadora-de-filmes-7b992/services/cloudbuild.googleapis.com [omitted]
[info] ✔  functions: required API cloudbuild.googleapis.com is enabled 
[debug] [2023-09-10T22:23:31.993Z] <<< [apiv2][status] GET https://serviceusage.googleapis.com/v1/projects/locadora-de-filmes-7b992/services/runtimeconfig.googleapis.com 200
[debug] [2023-09-10T22:23:31.993Z] <<< [apiv2][body] GET https://serviceusage.googleapis.com/v1/projects/locadora-de-filmes-7b992/services/runtimeconfig.googleapis.com [omitted]
[debug] [2023-09-10T22:23:32.002Z] <<< [apiv2][status] GET https://serviceusage.googleapis.com/v1/projects/locadora-de-filmes-7b992/services/cloudfunctions.googleapis.com 200
[debug] [2023-09-10T22:23:32.002Z] <<< [apiv2][body] GET https://serviceusage.googleapis.com/v1/projects/locadora-de-filmes-7b992/services/cloudfunctions.googleapis.com [omitted]
[info] ✔  functions: required API cloudfunctions.googleapis.com is enabled 
[debug] [2023-09-10T22:23:32.002Z] >>> [apiv2][query] GET https://firebase.googleapis.com/v1beta1/projects/locadora-de-filmes-7b992/adminSdkConfig [none]
[debug] [2023-09-10T22:23:32.500Z] <<< [apiv2][status] GET https://firebase.googleapis.com/v1beta1/projects/locadora-de-filmes-7b992/adminSdkConfig 200
[debug] [2023-09-10T22:23:32.500Z] <<< [apiv2][body] GET https://firebase.googleapis.com/v1beta1/projects/locadora-de-filmes-7b992/adminSdkConfig {"projectId":"locadora-de-filmes-7b992","storageBucket":"locadora-de-filmes-7b992.appspot.com"}
[debug] [2023-09-10T22:23:32.501Z] >>> [apiv2][query] GET https://runtimeconfig.googleapis.com/v1beta1/projects/locadora-de-filmes-7b992/configs [none]
[debug] [2023-09-10T22:23:33.696Z] <<< [apiv2][status] GET https://runtimeconfig.googleapis.com/v1beta1/projects/locadora-de-filmes-7b992/configs 200
[debug] [2023-09-10T22:23:33.696Z] <<< [apiv2][body] GET https://runtimeconfig.googleapis.com/v1beta1/projects/locadora-de-filmes-7b992/configs {}
[debug] [2023-09-10T22:23:33.697Z] Validating nodejs source
[debug] [2023-09-10T22:23:34.958Z] > [functions] package.json contents: {
  "name": "functions",
  "description": "Cloud Functions for Firebase",
  "scripts": {
    "lint": "eslint",
    "serve": "firebase emulators:start --only functions",
    "shell": "firebase functions:shell",
    "start": "npm run shell",
    "deploy": "firebase deploy --only functions",
    "logs": "firebase functions:log"
  },
  "engines": {
    "node": "18"
  },
  "main": "index.js",
  "dependencies": {
    "cors": "^2.8.5",
    "express": "^4.18.2",
    "firebase-admin": "^11.8.0",
    "firebase-functions": "^4.3.1"
  },
  "devDependencies": {
    "eslint": "^8.15.0",
    "eslint-config-google": "^0.14.0",
    "firebase-functions-test": "^3.1.0"
  },
  "private": true
}
[debug] [2023-09-10T22:23:34.958Z] Building nodejs source
[info] i  functions: Loading and analyzing source code for codebase default to determine what to deploy 
[debug] [2023-09-10T22:23:34.959Z] Could not find functions.yaml. Must use http discovery
[debug] [2023-09-10T22:23:34.963Z] Found firebase-functions binary at '/home/lucasknutr/repos/locadora-de-filmes/firebase-server/functions/node_modules/.bin/firebase-functions'
[info] Serving at port 8364

[debug] [2023-09-10T22:23:35.316Z] Got response from /__/functions.yaml {"endpoints":{"app":{"platform":"gcfv1","availableMemoryMb":null,"timeoutSeconds":null,"minInstances":null,"maxInstances":null,"ingressSettings":null,"serviceAccountEmail":null,"vpc":null,"httpsTrigger":{},"entryPoint":"app"}},"specVersion":"v1alpha1","requiredAPIs":[]}
[info] shutdown requested via /__/quitquitquit

[info] i  functions: preparing functions directory for uploading... 
[info] i  functions: packaged /home/lucasknutr/repos/locadora-de-filmes/firebase-server/functions (77.84 KB) for uploading 
[debug] [2023-09-10T22:23:35.372Z] >>> [apiv2][query] GET https://cloudfunctions.googleapis.com/v1/projects/locadora-de-filmes-7b992/locations/-/functions [none]
[debug] [2023-09-10T22:23:36.696Z] <<< [apiv2][status] GET https://cloudfunctions.googleapis.com/v1/projects/locadora-de-filmes-7b992/locations/-/functions 200
[debug] [2023-09-10T22:23:36.696Z] <<< [apiv2][body] GET https://cloudfunctions.googleapis.com/v1/projects/locadora-de-filmes-7b992/locations/-/functions {"functions":[{"name":"projects/locadora-de-filmes-7b992/locations/us-central1/functions/app","httpsTrigger":{"url":"https://us-central1-locadora-de-filmes-7b992.cloudfunctions.net/app","securityLevel":"SECURE_ALWAYS"},"status":"ACTIVE","entryPoint":"app","timeout":"60s","availableMemoryMb":256,"serviceAccountEmail":"locadora-de-filmes-7b992@appspot.gserviceaccount.com","updateTime":"2023-09-10T20:58:30.715Z","versionId":"10","labels":{"deployment-tool":"cli-firebase","firebase-functions-hash":"2f5601e3e75bc959e8b5e681e5c84982fd3358a1"},"sourceUploadUrl":"https://storage.googleapis.com/uploads-1068789508083.us-central1.cloudfunctions.appspot.com/024dd092-e342-47a0-b63b-92b0173c100e.zip","environmentVariables":{"FIREBASE_CONFIG":"{\"projectId\":\"locadora-de-filmes-7b992\",\"storageBucket\":\"locadora-de-filmes-7b992.appspot.com\"}","GCLOUD_PROJECT":"locadora-de-filmes-7b992","EVENTARC_CLOUD_EVENT_SOURCE":"projects/locadora-de-filmes-7b992/locations/us-central1/functions/app"},"runtime":"nodejs18","ingressSettings":"ALLOW_ALL","buildId":"cd212ee2-87ee-46dd-a35a-c8c89bc8c40d","buildEnvironmentVariables":{"GOOGLE_NODE_RUN_SCRIPTS":""},"buildName":"projects/455361374955/locations/us-central1/builds/cd212ee2-87ee-46dd-a35a-c8c89bc8c40d","dockerRegistry":"ARTIFACT_REGISTRY"}]}
[debug] [2023-09-10T22:23:36.698Z] >>> [apiv2][query] GET https://cloudfunctions.googleapis.com/v2/projects/locadora-de-filmes-7b992/locations/-/functions filter=environment%3D%22GEN_2%22
